[debug] [2020-09-15T10:32:33.020Z] ----------------------------------------------------------------------
[debug] [2020-09-15T10:32:33.021Z] Command:       C:\Program Files\nodejs\node.exe C:\Users\Lenovo\AppData\Roaming\npm\node_modules\firebase-tools\lib\bin\firebase.js emulators:start
[debug] [2020-09-15T10:32:33.022Z] CLI Version:   8.10.0
[debug] [2020-09-15T10:32:33.022Z] Platform:      win32
[debug] [2020-09-15T10:32:33.022Z] Node Version:  v12.18.2
[debug] [2020-09-15T10:32:33.023Z] Time:          Tue Sep 15 2020 17:02:33 GMT+0630 (Myanmar Time)
[debug] [2020-09-15T10:32:33.023Z] ----------------------------------------------------------------------
[debug] [2020-09-15T10:32:33.023Z] 
[debug] [2020-09-15T10:32:33.031Z] > command requires scopes: ["email","openid","https://www.googleapis.com/auth/cloudplatformprojects.readonly","https://www.googleapis.com/auth/firebase","https://www.googleapis.com/auth/cloud-platform"]
[debug] [2020-09-15T10:32:33.031Z] > authorizing via signed-in user
[info] i  emulators: Starting emulators: functions, database, hosting {"metadata":{"emulator":{"name":"hub"},"message":"Starting emulators: functions, database, hosting"}}
[debug] [2020-09-15T10:32:35.091Z] [hub] writing locator at C:\Users\Lenovo\AppData\Local\Temp\hub-clone-app-a4060.json
[warn] !  functions: The following emulators are not running, calls to these services from the Functions emulator will affect production: firestore, pubsub {"metadata":{"emulator":{"name":"functions"},"message":"The following emulators are not running, calls to these services from the Functions emulator will affect production: \u001b[1mfirestore, pubsub\u001b[22m"}}
[warn] !  Your requested "node" version "10" doesn't match your global version "12" {"metadata":{"emulator":{"name":"functions"},"message":"Your requested \"node\" version \"10\" doesn't match your global version \"12\""}}
[debug] [2020-09-15T10:32:37.148Z] defaultcredentials: writing to file C:\Users\Lenovo\AppData\Roaming\firebase\amritkhadka1996_mgk_gmail.com_application_default_credentials.json
[debug] [2020-09-15T10:32:37.152Z] Setting GAC to C:\Users\Lenovo\AppData\Roaming\firebase\amritkhadka1996_mgk_gmail.com_application_default_credentials.json {"metadata":{"emulator":{"name":"functions"},"message":"Setting GAC to C:\\Users\\Lenovo\\AppData\\Roaming\\firebase\\amritkhadka1996_mgk_gmail.com_application_default_credentials.json"}}
[debug] [2020-09-15T10:32:39.188Z] database rules config:  [{"instance":"clone-app-a4060","rules":"C:\\Users\\Lenovo\\Music\\Clever Programmer\\React-projects\\amazon-clone-app\\database.rules.json"}]
[debug] [2020-09-15T10:32:39.192Z] Ignoring unsupported arg: projectId {"metadata":{"emulator":{"name":"database"},"message":"Ignoring unsupported arg: projectId"}}
[debug] [2020-09-15T10:32:39.192Z] Ignoring unsupported arg: auto_download {"metadata":{"emulator":{"name":"database"},"message":"Ignoring unsupported arg: auto_download"}}
[debug] [2020-09-15T10:32:39.192Z] Ignoring unsupported arg: rules {"metadata":{"emulator":{"name":"database"},"message":"Ignoring unsupported arg: rules"}}
[debug] [2020-09-15T10:32:39.192Z] Starting Database Emulator with command {"binary":"java","args":["-Duser.language=en","-jar","C:\\Users\\Lenovo\\.cache\\firebase\\emulators\\firebase-database-emulator-v4.5.0.jar","--host","localhost","--port",9000,"--functions_emulator_host","localhost","--functions_emulator_port",5001],"optionalArgs":["port","host","functions_emulator_port","functions_emulator_host"],"joinArgs":false} {"metadata":{"emulator":{"name":"database"},"message":"Starting Database Emulator with command {\"binary\":\"java\",\"args\":[\"-Duser.language=en\",\"-jar\",\"C:\\\\Users\\\\Lenovo\\\\.cache\\\\firebase\\\\emulators\\\\firebase-database-emulator-v4.5.0.jar\",\"--host\",\"localhost\",\"--port\",9000,\"--functions_emulator_host\",\"localhost\",\"--functions_emulator_port\",5001],\"optionalArgs\":[\"port\",\"host\",\"functions_emulator_port\",\"functions_emulator_host\"],\"joinArgs\":false}"}}
[info] i  database: Database Emulator logging to database-debug.log {"metadata":{"emulator":{"name":"database"},"message":"Database Emulator logging to \u001b[1mdatabase-debug.log\u001b[22m"}}
[debug] [2020-09-15T10:32:39.788Z] WARNING: An illegal reflective access operation has occurred
WARNING: Illegal reflective access by io.netty.util.internal.ReflectionUtil (file:/C:/Users/Lenovo/.cache/firebase/emulators/firebase-database-emulator-v4.5.0.jar) to field sun.nio.ch.SelectorImpl.selectedKeys
WARNING: Please consider reporting this to the maintainers of io.netty.util.internal.ReflectionUtil
WARNING: Use --illegal-access=warn to enable warnings of further illegal reflective access operations
WARNING: All illegal access operations will be denied in a future release
 {"metadata":{"emulator":{"name":"database"},"message":"WARNING: An illegal reflective access operation has occurred\r\nWARNING: Illegal reflective access by io.netty.util.internal.ReflectionUtil (file:/C:/Users/Lenovo/.cache/firebase/emulators/firebase-database-emulator-v4.5.0.jar) to field sun.nio.ch.SelectorImpl.selectedKeys\r\nWARNING: Please consider reporting this to the maintainers of io.netty.util.internal.ReflectionUtil\r\nWARNING: Use --illegal-access=warn to enable warnings of further illegal reflective access operations\r\nWARNING: All illegal access operations will be denied in a future release\r\n"}}
[debug] [2020-09-15T10:32:40.483Z] 17:02:40.481 [NamespaceSystem-akka.actor.default-dispatcher-6] INFO akka.event.slf4j.Slf4jLogger - Slf4jLogger started
 {"metadata":{"emulator":{"name":"database"},"message":"17:02:40.481 [NamespaceSystem-akka.actor.default-dispatcher-6] INFO akka.event.slf4j.Slf4jLogger - Slf4jLogger started\r\n"}}
[debug] [2020-09-15T10:32:40.658Z] 17:02:40.657 [main] INFO com.firebase.server.forge.App$ - Listening at localhost:9000
 {"metadata":{"emulator":{"name":"database"},"message":"17:02:40.657 [main] INFO com.firebase.server.forge.App$ - Listening at localhost:9000\r\n"}}
[debug] [2020-09-15T10:32:42.786Z] > refreshing access token with scopes: ["email","https://www.googleapis.com/auth/cloud-platform","https://www.googleapis.com/auth/cloudplatformprojects.readonly","https://www.googleapis.com/auth/firebase","openid"]
[debug] [2020-09-15T10:32:42.787Z] >>> HTTP REQUEST POST https://www.googleapis.com/oauth2/v3/token  
 <request body omitted>
[debug] [2020-09-15T10:32:43.014Z] <<< HTTP RESPONSE 200 {"content-type":"application/json; charset=utf-8","vary":"X-Origin, Referer, Origin,Accept-Encoding","date":"Tue, 15 Sep 2020 10:32:42 GMT","server":"scaffolding on HTTPServer2","cache-control":"private","x-xss-protection":"0","x-frame-options":"SAMEORIGIN","x-content-type-options":"nosniff","alt-svc":"h3-29=\":443\"; ma=2592000,h3-27=\":443\"; ma=2592000,h3-T051=\":443\"; ma=2592000,h3-T050=\":443\"; ma=2592000,h3-Q050=\":443\"; ma=2592000,h3-Q046=\":443\"; ma=2592000,h3-Q043=\":443\"; ma=2592000,quic=\":443\"; ma=2592000; v=\"46,43\"","accept-ranges":"none","transfer-encoding":"chunked"}
[debug] [2020-09-15T10:32:43.019Z] >>> HTTP REQUEST GET https://firebase.googleapis.com/v1beta1/projects/clone-app-a4060/webApps/-/config  
 
[debug] [2020-09-15T10:32:44.509Z] <<< HTTP RESPONSE 200 {"content-type":"application/json; charset=UTF-8","vary":"X-Origin, Referer, Origin,Accept-Encoding","date":"Tue, 15 Sep 2020 10:32:44 GMT","server":"ESF","cache-control":"private","x-xss-protection":"0","x-frame-options":"SAMEORIGIN","x-content-type-options":"nosniff","alt-svc":"h3-29=\":443\"; ma=2592000,h3-27=\":443\"; ma=2592000,h3-T051=\":443\"; ma=2592000,h3-T050=\":443\"; ma=2592000,h3-Q050=\":443\"; ma=2592000,h3-Q046=\":443\"; ma=2592000,h3-Q043=\":443\"; ma=2592000,quic=\":443\"; ma=2592000; v=\"46,43\"","accept-ranges":"none","transfer-encoding":"chunked"}
[info] i  hosting: Serving hosting files from: build {"metadata":{"emulator":{"name":"hosting"},"message":"Serving hosting files from: \u001b[1mbuild\u001b[22m"}}
[info] +  hosting: Local server: http://localhost:5000 {"metadata":{"emulator":{"name":"hosting"},"message":"Local server: \u001b[4m\u001b[1mhttp://localhost:5000\u001b[22m\u001b[24m"}}
[debug] [2020-09-15T10:32:48.625Z] Ignoring unsupported arg: auto_download {"metadata":{"emulator":{"name":"ui"},"message":"Ignoring unsupported arg: auto_download"}}
[debug] [2020-09-15T10:32:48.625Z] Ignoring unsupported arg: port {"metadata":{"emulator":{"name":"ui"},"message":"Ignoring unsupported arg: port"}}
[debug] [2020-09-15T10:32:48.625Z] Starting Emulator UI with command {"binary":"node","args":["C:\\Users\\Lenovo\\.cache\\firebase\\emulators\\ui-v1.1.1\\server.bundle.js"],"optionalArgs":[],"joinArgs":false} {"metadata":{"emulator":{"name":"ui"},"message":"Starting Emulator UI with command {\"binary\":\"node\",\"args\":[\"C:\\\\Users\\\\Lenovo\\\\.cache\\\\firebase\\\\emulators\\\\ui-v1.1.1\\\\server.bundle.js\"],\"optionalArgs\":[],\"joinArgs\":false}"}}
[info] i  ui: Emulator UI logging to ui-debug.log {"metadata":{"emulator":{"name":"ui"},"message":"Emulator UI logging to \u001b[1mui-debug.log\u001b[22m"}}
[debug] [2020-09-15T10:32:48.732Z] Web / API server started at http://localhost:4000
 {"metadata":{"emulator":{"name":"ui"},"message":"Web / API server started at http://localhost:4000\n"}}
[info] i  functions: Watching "C:\Users\Lenovo\Music\Clever Programmer\React-projects\amazon-clone-app\functions" for Cloud Functions... {"metadata":{"emulator":{"name":"functions"},"message":"Watching \"C:\\Users\\Lenovo\\Music\\Clever Programmer\\React-projects\\amazon-clone-app\\functions\" for Cloud Functions..."}}
[debug] [2020-09-15T10:32:49.146Z] [worker-pool] addWorker(~diagnostic~) {"metadata":{"emulator":{"name":"functions"},"message":"[worker-pool] addWorker(~diagnostic~)"}}
[debug] [2020-09-15T10:32:49.146Z] [worker-pool] Adding worker with key ~diagnostic~, total=1 {"metadata":{"emulator":{"name":"functions"},"message":"[worker-pool] Adding worker with key ~diagnostic~, total=1"}}
[debug] [2020-09-15T10:32:49.147Z] [worker-pool] submitWork(triggerId=) {"metadata":{"emulator":{"name":"functions"},"message":"[worker-pool] submitWork(triggerId=)"}}
[debug] [2020-09-15T10:32:49.147Z] [worker-~diagnostic~-b7a9ae71-580a-4d79-bdb8-f6c7e3945edb]: Assigning socketPath: \\?\pipe\C:\Users\Lenovo\Music\Clever Programmer\React-projects\amazon-clone-app\functions\3148 {"metadata":{"emulator":{"name":"functions"},"message":"[worker-~diagnostic~-b7a9ae71-580a-4d79-bdb8-f6c7e3945edb]: Assigning socketPath: \\\\?\\pipe\\C:\\Users\\Lenovo\\Music\\Clever Programmer\\React-projects\\amazon-clone-app\\functions\\3148"}}
[debug] [2020-09-15T10:32:49.147Z] [worker-~diagnostic~-b7a9ae71-580a-4d79-bdb8-f6c7e3945edb]: BUSY {"metadata":{"emulator":{"name":"functions"},"message":"[worker-~diagnostic~-b7a9ae71-580a-4d79-bdb8-f6c7e3945edb]: BUSY"}}
[debug] [2020-09-15T10:32:49.600Z] [runtime-status] [3148] Functions runtime initialized. {"cwd":"C:\\Users\\Lenovo\\Music\\Clever Programmer\\React-projects\\amazon-clone-app\\functions","node_version":"12.18.2"} {"metadata":{"emulator":{"name":"functions"},"message":"[runtime-status] [3148] Functions runtime initialized. {\"cwd\":\"C:\\\\Users\\\\Lenovo\\\\Music\\\\Clever Programmer\\\\React-projects\\\\amazon-clone-app\\\\functions\",\"node_version\":\"12.18.2\"}"}}
[debug] [2020-09-15T10:32:49.605Z] [runtime-status] [3148] Disabled runtime features: undefined {"metadata":{"emulator":{"name":"functions"},"message":"[runtime-status] [3148] Disabled runtime features: undefined"}}
[debug] [2020-09-15T10:32:49.612Z] [runtime-status] [3148] Resolved module firebase-admin {"declared":true,"installed":true,"version":"8.13.0","resolution":"C:\\Users\\Lenovo\\Music\\Clever Programmer\\React-projects\\amazon-clone-app\\functions\\node_modules\\firebase-admin\\lib\\index.js"} {"metadata":{"emulator":{"name":"functions"},"message":"[runtime-status] [3148] Resolved module firebase-admin {\"declared\":true,\"installed\":true,\"version\":\"8.13.0\",\"resolution\":\"C:\\\\Users\\\\Lenovo\\\\Music\\\\Clever Programmer\\\\React-projects\\\\amazon-clone-app\\\\functions\\\\node_modules\\\\firebase-admin\\\\lib\\\\index.js\"}"}}
[debug] [2020-09-15T10:32:49.613Z] [runtime-status] [3148] Resolved module firebase-functions {"declared":true,"installed":true,"version":"3.11.0","resolution":"C:\\Users\\Lenovo\\Music\\Clever Programmer\\React-projects\\amazon-clone-app\\functions\\node_modules\\firebase-functions\\lib\\index.js"} {"metadata":{"emulator":{"name":"functions"},"message":"[runtime-status] [3148] Resolved module firebase-functions {\"declared\":true,\"installed\":true,\"version\":\"3.11.0\",\"resolution\":\"C:\\\\Users\\\\Lenovo\\\\Music\\\\Clever Programmer\\\\React-projects\\\\amazon-clone-app\\\\functions\\\\node_modules\\\\firebase-functions\\\\lib\\\\index.js\"}"}}
[debug] [2020-09-15T10:32:49.614Z] [runtime-status] [3148] Resolved module firebase-functions {"declared":true,"installed":true,"version":"3.11.0","resolution":"C:\\Users\\Lenovo\\Music\\Clever Programmer\\React-projects\\amazon-clone-app\\functions\\node_modules\\firebase-functions\\lib\\index.js"} {"metadata":{"emulator":{"name":"functions"},"message":"[runtime-status] [3148] Resolved module firebase-functions {\"declared\":true,\"installed\":true,\"version\":\"3.11.0\",\"resolution\":\"C:\\\\Users\\\\Lenovo\\\\Music\\\\Clever Programmer\\\\React-projects\\\\amazon-clone-app\\\\functions\\\\node_modules\\\\firebase-functions\\\\lib\\\\index.js\"}"}}
[debug] [2020-09-15T10:32:49.616Z] [runtime-status] [3148] Outgoing network have been stubbed. [{"name":"http","status":"mocked"},{"name":"http","status":"mocked"},{"name":"https","status":"mocked"},{"name":"https","status":"mocked"},{"name":"net","status":"mocked"}] {"metadata":{"emulator":{"name":"functions"},"message":"[runtime-status] [3148] Outgoing network have been stubbed. [{\"name\":\"http\",\"status\":\"mocked\"},{\"name\":\"http\",\"status\":\"mocked\"},{\"name\":\"https\",\"status\":\"mocked\"},{\"name\":\"https\",\"status\":\"mocked\"},{\"name\":\"net\",\"status\":\"mocked\"}]"}}
[debug] [2020-09-15T10:32:49.616Z] [runtime-status] [3148] Resolved module firebase-functions {"declared":true,"installed":true,"version":"3.11.0","resolution":"C:\\Users\\Lenovo\\Music\\Clever Programmer\\React-projects\\amazon-clone-app\\functions\\node_modules\\firebase-functions\\lib\\index.js"} {"metadata":{"emulator":{"name":"functions"},"message":"[runtime-status] [3148] Resolved module firebase-functions {\"declared\":true,\"installed\":true,\"version\":\"3.11.0\",\"resolution\":\"C:\\\\Users\\\\Lenovo\\\\Music\\\\Clever Programmer\\\\React-projects\\\\amazon-clone-app\\\\functions\\\\node_modules\\\\firebase-functions\\\\lib\\\\index.js\"}"}}
[debug] [2020-09-15T10:32:49.659Z] [runtime-status] [3148] Checked functions.config() {"config":{}} {"metadata":{"emulator":{"name":"functions"},"message":"[runtime-status] [3148] Checked functions.config() {\"config\":{}}"}}
[debug] [2020-09-15T10:32:49.659Z] [runtime-status] [3148] firebase-functions has been stubbed. {"functionsResolution":{"declared":true,"installed":true,"version":"3.11.0","resolution":"C:\\Users\\Lenovo\\Music\\Clever Programmer\\React-projects\\amazon-clone-app\\functions\\node_modules\\firebase-functions\\lib\\index.js"}} {"metadata":{"emulator":{"name":"functions"},"message":"[runtime-status] [3148] firebase-functions has been stubbed. {\"functionsResolution\":{\"declared\":true,\"installed\":true,\"version\":\"3.11.0\",\"resolution\":\"C:\\\\Users\\\\Lenovo\\\\Music\\\\Clever Programmer\\\\React-projects\\\\amazon-clone-app\\\\functions\\\\node_modules\\\\firebase-functions\\\\lib\\\\index.js\"}}"}}
[debug] [2020-09-15T10:32:49.660Z] [runtime-status] [3148] Resolved module firebase-functions {"declared":true,"installed":true,"version":"3.11.0","resolution":"C:\\Users\\Lenovo\\Music\\Clever Programmer\\React-projects\\amazon-clone-app\\functions\\node_modules\\firebase-functions\\lib\\index.js"} {"metadata":{"emulator":{"name":"functions"},"message":"[runtime-status] [3148] Resolved module firebase-functions {\"declared\":true,\"installed\":true,\"version\":\"3.11.0\",\"resolution\":\"C:\\\\Users\\\\Lenovo\\\\Music\\\\Clever Programmer\\\\React-projects\\\\amazon-clone-app\\\\functions\\\\node_modules\\\\firebase-functions\\\\lib\\\\index.js\"}"}}
[debug] [2020-09-15T10:32:49.662Z] [runtime-status] [3148] Resolved module firebase-admin {"declared":true,"installed":true,"version":"8.13.0","resolution":"C:\\Users\\Lenovo\\Music\\Clever Programmer\\React-projects\\amazon-clone-app\\functions\\node_modules\\firebase-admin\\lib\\index.js"} {"metadata":{"emulator":{"name":"functions"},"message":"[runtime-status] [3148] Resolved module firebase-admin {\"declared\":true,\"installed\":true,\"version\":\"8.13.0\",\"resolution\":\"C:\\\\Users\\\\Lenovo\\\\Music\\\\Clever Programmer\\\\React-projects\\\\amazon-clone-app\\\\functions\\\\node_modules\\\\firebase-admin\\\\lib\\\\index.js\"}"}}
[debug] [2020-09-15T10:32:49.663Z] [runtime-status] [3148] Resolved module firebase-functions {"declared":true,"installed":true,"version":"3.11.0","resolution":"C:\\Users\\Lenovo\\Music\\Clever Programmer\\React-projects\\amazon-clone-app\\functions\\node_modules\\firebase-functions\\lib\\index.js"} {"metadata":{"emulator":{"name":"functions"},"message":"[runtime-status] [3148] Resolved module firebase-functions {\"declared\":true,\"installed\":true,\"version\":\"3.11.0\",\"resolution\":\"C:\\\\Users\\\\Lenovo\\\\Music\\\\Clever Programmer\\\\React-projects\\\\amazon-clone-app\\\\functions\\\\node_modules\\\\firebase-functions\\\\lib\\\\index.js\"}"}}
[debug] [2020-09-15T10:32:49.663Z] [runtime-status] [3148] firebase-admin has been stubbed. {"adminResolution":{"declared":true,"installed":true,"version":"8.13.0","resolution":"C:\\Users\\Lenovo\\Music\\Clever Programmer\\React-projects\\amazon-clone-app\\functions\\node_modules\\firebase-admin\\lib\\index.js"}} {"metadata":{"emulator":{"name":"functions"},"message":"[runtime-status] [3148] firebase-admin has been stubbed. {\"adminResolution\":{\"declared\":true,\"installed\":true,\"version\":\"8.13.0\",\"resolution\":\"C:\\\\Users\\\\Lenovo\\\\Music\\\\Clever Programmer\\\\React-projects\\\\amazon-clone-app\\\\functions\\\\node_modules\\\\firebase-admin\\\\lib\\\\index.js\"}}"}}
[info] +  functions[api]: http function initialized (http://localhost:5001/clone-app-a4060/us-central1/api). {"metadata":{"emulator":{"name":"functions"},"message":"\u001b[1mhttp\u001b[22m function initialized (http://localhost:5001/clone-app-a4060/us-central1/api)."}}
[debug] [2020-09-15T10:32:49.833Z] >>> HTTP REQUEST PUT http://localhost:9000/.settings/rules.json?ns=clone-app-a4060  
 {
  /* Visit https://firebase.google.com/docs/database/security to learn more about security rules. */
  "rules": {
    ".read": false,
    ".write": false
  }
}
[debug] [2020-09-15T10:32:49.834Z] [worker-~diagnostic~-b7a9ae71-580a-4d79-bdb8-f6c7e3945edb]: IDLE {"metadata":{"emulator":{"name":"functions"},"message":"[worker-~diagnostic~-b7a9ae71-580a-4d79-bdb8-f6c7e3945edb]: IDLE"}}
[debug] [2020-09-15T10:32:50.125Z] <<< HTTP RESPONSE 200 {"content-length":"15","content-type":"application/json; charset=utf-8","access-control-allow-origin":"*","cache-control":"no-cache","x-firebase-project-id":"clone-app-a4060","x-firebase-project-number":"123456789","x-firebase-uuid":"ce3666c0-e1db-4c4d-b1a2-8b05e4323892"}
[info] 
┌───────────────────────────────────────────────────────────────────────┐
│ ✔  All emulators ready! View status and logs at http://localhost:4000 │
└───────────────────────────────────────────────────────────────────────┘

┌───────────┬────────────────┬─────────────────────────────────┐
│ Emulator  │ Host:Port      │ View in Emulator UI             │
├───────────┼────────────────┼─────────────────────────────────┤
│ Functions │ localhost:5001 │ http://localhost:4000/functions │
├───────────┼────────────────┼─────────────────────────────────┤
│ Database  │ localhost:9000 │ http://localhost:4000/database  │
├───────────┼────────────────┼─────────────────────────────────┤
│ Hosting   │ localhost:5000 │ n/a                             │
└───────────┴────────────────┴─────────────────────────────────┘
  Other reserved ports: 4400, 4500

Issues? Report them at https://github.com/firebase/firebase-tools/issues and attach the *-debug.log files.
 
[debug] [2020-09-15T10:33:03.851Z] [work-queue] {"queueLength":1,"workRunningCount":0}
[debug] [2020-09-15T10:33:03.851Z] [work-queue] {"queueLength":0,"workRunningCount":1}
[debug] [2020-09-15T10:33:03.852Z] Accepted request GET /clone-app-a4060/us-central1/api --> api
[debug] [2020-09-15T10:33:03.856Z] [worker-pool] addWorker(api) {"metadata":{"emulator":{"name":"functions"},"message":"[worker-pool] addWorker(api)"}}
[debug] [2020-09-15T10:33:03.857Z] [worker-pool] Adding worker with key api, total=1 {"metadata":{"emulator":{"name":"functions"},"message":"[worker-pool] Adding worker with key api, total=1"}}
[debug] [2020-09-15T10:33:03.857Z] [worker-pool] submitWork(triggerId=api) {"metadata":{"emulator":{"name":"functions"},"message":"[worker-pool] submitWork(triggerId=api)"}}
[debug] [2020-09-15T10:33:03.857Z] [worker-api-30a605db-3e07-4ce0-9b41-7def2e35ae79]: Assigning socketPath: \\?\pipe\C:\Users\Lenovo\Music\Clever Programmer\React-projects\amazon-clone-app\functions\12640 {"metadata":{"emulator":{"name":"functions"},"message":"[worker-api-30a605db-3e07-4ce0-9b41-7def2e35ae79]: Assigning socketPath: \\\\?\\pipe\\C:\\Users\\Lenovo\\Music\\Clever Programmer\\React-projects\\amazon-clone-app\\functions\\12640"}}
[debug] [2020-09-15T10:33:03.857Z] [worker-api-30a605db-3e07-4ce0-9b41-7def2e35ae79]: BUSY {"metadata":{"emulator":{"name":"functions"},"message":"[worker-api-30a605db-3e07-4ce0-9b41-7def2e35ae79]: BUSY"}}
[debug] [2020-09-15T10:33:04.319Z] [runtime-status] [12640] Functions runtime initialized. {"cwd":"C:\\Users\\Lenovo\\Music\\Clever Programmer\\React-projects\\amazon-clone-app\\functions","node_version":"12.18.2"} {"metadata":{"emulator":{"name":"functions"},"function":{"name":"api"},"message":"[runtime-status] [12640] Functions runtime initialized. {\"cwd\":\"C:\\\\Users\\\\Lenovo\\\\Music\\\\Clever Programmer\\\\React-projects\\\\amazon-clone-app\\\\functions\",\"node_version\":\"12.18.2\"}"}}
[debug] [2020-09-15T10:33:04.323Z] [runtime-status] [12640] Disabled runtime features: undefined {"metadata":{"emulator":{"name":"functions"},"function":{"name":"api"},"message":"[runtime-status] [12640] Disabled runtime features: undefined"}}
[debug] [2020-09-15T10:33:04.331Z] [runtime-status] [12640] Resolved module firebase-admin {"declared":true,"installed":true,"version":"8.13.0","resolution":"C:\\Users\\Lenovo\\Music\\Clever Programmer\\React-projects\\amazon-clone-app\\functions\\node_modules\\firebase-admin\\lib\\index.js"} {"metadata":{"emulator":{"name":"functions"},"function":{"name":"api"},"message":"[runtime-status] [12640] Resolved module firebase-admin {\"declared\":true,\"installed\":true,\"version\":\"8.13.0\",\"resolution\":\"C:\\\\Users\\\\Lenovo\\\\Music\\\\Clever Programmer\\\\React-projects\\\\amazon-clone-app\\\\functions\\\\node_modules\\\\firebase-admin\\\\lib\\\\index.js\"}"}}
[debug] [2020-09-15T10:33:04.333Z] [runtime-status] [12640] Resolved module firebase-functions {"declared":true,"installed":true,"version":"3.11.0","resolution":"C:\\Users\\Lenovo\\Music\\Clever Programmer\\React-projects\\amazon-clone-app\\functions\\node_modules\\firebase-functions\\lib\\index.js"} {"metadata":{"emulator":{"name":"functions"},"function":{"name":"api"},"message":"[runtime-status] [12640] Resolved module firebase-functions {\"declared\":true,\"installed\":true,\"version\":\"3.11.0\",\"resolution\":\"C:\\\\Users\\\\Lenovo\\\\Music\\\\Clever Programmer\\\\React-projects\\\\amazon-clone-app\\\\functions\\\\node_modules\\\\firebase-functions\\\\lib\\\\index.js\"}"}}
[debug] [2020-09-15T10:33:04.334Z] [runtime-status] [12640] Resolved module firebase-functions {"declared":true,"installed":true,"version":"3.11.0","resolution":"C:\\Users\\Lenovo\\Music\\Clever Programmer\\React-projects\\amazon-clone-app\\functions\\node_modules\\firebase-functions\\lib\\index.js"} {"metadata":{"emulator":{"name":"functions"},"function":{"name":"api"},"message":"[runtime-status] [12640] Resolved module firebase-functions {\"declared\":true,\"installed\":true,\"version\":\"3.11.0\",\"resolution\":\"C:\\\\Users\\\\Lenovo\\\\Music\\\\Clever Programmer\\\\React-projects\\\\amazon-clone-app\\\\functions\\\\node_modules\\\\firebase-functions\\\\lib\\\\index.js\"}"}}
[debug] [2020-09-15T10:33:04.335Z] [runtime-status] [12640] Outgoing network have been stubbed. [{"name":"http","status":"mocked"},{"name":"http","status":"mocked"},{"name":"https","status":"mocked"},{"name":"https","status":"mocked"},{"name":"net","status":"mocked"}] {"metadata":{"emulator":{"name":"functions"},"function":{"name":"api"},"message":"[runtime-status] [12640] Outgoing network have been stubbed. [{\"name\":\"http\",\"status\":\"mocked\"},{\"name\":\"http\",\"status\":\"mocked\"},{\"name\":\"https\",\"status\":\"mocked\"},{\"name\":\"https\",\"status\":\"mocked\"},{\"name\":\"net\",\"status\":\"mocked\"}]"}}
[debug] [2020-09-15T10:33:04.336Z] [runtime-status] [12640] Resolved module firebase-functions {"declared":true,"installed":true,"version":"3.11.0","resolution":"C:\\Users\\Lenovo\\Music\\Clever Programmer\\React-projects\\amazon-clone-app\\functions\\node_modules\\firebase-functions\\lib\\index.js"} {"metadata":{"emulator":{"name":"functions"},"function":{"name":"api"},"message":"[runtime-status] [12640] Resolved module firebase-functions {\"declared\":true,\"installed\":true,\"version\":\"3.11.0\",\"resolution\":\"C:\\\\Users\\\\Lenovo\\\\Music\\\\Clever Programmer\\\\React-projects\\\\amazon-clone-app\\\\functions\\\\node_modules\\\\firebase-functions\\\\lib\\\\index.js\"}"}}
[debug] [2020-09-15T10:33:04.383Z] [runtime-status] [12640] Checked functions.config() {"config":{}} {"metadata":{"emulator":{"name":"functions"},"function":{"name":"api"},"message":"[runtime-status] [12640] Checked functions.config() {\"config\":{}}"}}
[debug] [2020-09-15T10:33:04.383Z] [runtime-status] [12640] firebase-functions has been stubbed. {"functionsResolution":{"declared":true,"installed":true,"version":"3.11.0","resolution":"C:\\Users\\Lenovo\\Music\\Clever Programmer\\React-projects\\amazon-clone-app\\functions\\node_modules\\firebase-functions\\lib\\index.js"}} {"metadata":{"emulator":{"name":"functions"},"function":{"name":"api"},"message":"[runtime-status] [12640] firebase-functions has been stubbed. {\"functionsResolution\":{\"declared\":true,\"installed\":true,\"version\":\"3.11.0\",\"resolution\":\"C:\\\\Users\\\\Lenovo\\\\Music\\\\Clever Programmer\\\\React-projects\\\\amazon-clone-app\\\\functions\\\\node_modules\\\\firebase-functions\\\\lib\\\\index.js\"}}"}}
[debug] [2020-09-15T10:33:04.384Z] [runtime-status] [12640] Resolved module firebase-functions {"declared":true,"installed":true,"version":"3.11.0","resolution":"C:\\Users\\Lenovo\\Music\\Clever Programmer\\React-projects\\amazon-clone-app\\functions\\node_modules\\firebase-functions\\lib\\index.js"} {"metadata":{"emulator":{"name":"functions"},"function":{"name":"api"},"message":"[runtime-status] [12640] Resolved module firebase-functions {\"declared\":true,\"installed\":true,\"version\":\"3.11.0\",\"resolution\":\"C:\\\\Users\\\\Lenovo\\\\Music\\\\Clever Programmer\\\\React-projects\\\\amazon-clone-app\\\\functions\\\\node_modules\\\\firebase-functions\\\\lib\\\\index.js\"}"}}
[debug] [2020-09-15T10:33:04.385Z] [runtime-status] [12640] Resolved module firebase-admin {"declared":true,"installed":true,"version":"8.13.0","resolution":"C:\\Users\\Lenovo\\Music\\Clever Programmer\\React-projects\\amazon-clone-app\\functions\\node_modules\\firebase-admin\\lib\\index.js"} {"metadata":{"emulator":{"name":"functions"},"function":{"name":"api"},"message":"[runtime-status] [12640] Resolved module firebase-admin {\"declared\":true,\"installed\":true,\"version\":\"8.13.0\",\"resolution\":\"C:\\\\Users\\\\Lenovo\\\\Music\\\\Clever Programmer\\\\React-projects\\\\amazon-clone-app\\\\functions\\\\node_modules\\\\firebase-admin\\\\lib\\\\index.js\"}"}}
[debug] [2020-09-15T10:33:04.386Z] [runtime-status] [12640] Resolved module firebase-functions {"declared":true,"installed":true,"version":"3.11.0","resolution":"C:\\Users\\Lenovo\\Music\\Clever Programmer\\React-projects\\amazon-clone-app\\functions\\node_modules\\firebase-functions\\lib\\index.js"} {"metadata":{"emulator":{"name":"functions"},"function":{"name":"api"},"message":"[runtime-status] [12640] Resolved module firebase-functions {\"declared\":true,\"installed\":true,\"version\":\"3.11.0\",\"resolution\":\"C:\\\\Users\\\\Lenovo\\\\Music\\\\Clever Programmer\\\\React-projects\\\\amazon-clone-app\\\\functions\\\\node_modules\\\\firebase-functions\\\\lib\\\\index.js\"}"}}
[debug] [2020-09-15T10:33:04.386Z] [runtime-status] [12640] firebase-admin has been stubbed. {"adminResolution":{"declared":true,"installed":true,"version":"8.13.0","resolution":"C:\\Users\\Lenovo\\Music\\Clever Programmer\\React-projects\\amazon-clone-app\\functions\\node_modules\\firebase-admin\\lib\\index.js"}} {"metadata":{"emulator":{"name":"functions"},"function":{"name":"api"},"message":"[runtime-status] [12640] firebase-admin has been stubbed. {\"adminResolution\":{\"declared\":true,\"installed\":true,\"version\":\"8.13.0\",\"resolution\":\"C:\\\\Users\\\\Lenovo\\\\Music\\\\Clever Programmer\\\\React-projects\\\\amazon-clone-app\\\\functions\\\\node_modules\\\\firebase-admin\\\\lib\\\\index.js\"}}"}}
[debug] [2020-09-15T10:33:04.562Z] [runtime-status] [12640] Trigger "api" has been found, beginning invocation! {"metadata":{"emulator":{"name":"functions"},"function":{"name":"api"},"message":"[runtime-status] [12640] Trigger \"api\" has been found, beginning invocation!"}}
[info] i  functions: Beginning execution of "api" {"metadata":{"emulator":{"name":"functions"},"function":{"name":"api"},"message":"Beginning execution of \"api\""}}
[debug] [2020-09-15T10:33:04.562Z] [runtime-status] [12640] triggerDefinition {"httpsTrigger":{},"name":"api","entryPoint":"api"} {"metadata":{"emulator":{"name":"functions"},"function":{"name":"api"},"message":"[runtime-status] [12640] triggerDefinition {\"httpsTrigger\":{},\"name\":\"api\",\"entryPoint\":\"api\"}"}}
[debug] [2020-09-15T10:33:04.563Z] [runtime-status] [12640] Running api in mode HTTPS {"metadata":{"emulator":{"name":"functions"},"function":{"name":"api"},"message":"[runtime-status] [12640] Running api in mode HTTPS"}}
[debug] [2020-09-15T10:33:04.565Z] [runtime-status] [12640] Attempting to listen to socketPath: \\?\pipe\C:\Users\Lenovo\Music\Clever Programmer\React-projects\amazon-clone-app\functions\12640 {"metadata":{"emulator":{"name":"functions"},"function":{"name":"api"},"message":"[runtime-status] [12640] Attempting to listen to socketPath: \\\\?\\pipe\\C:\\Users\\Lenovo\\Music\\Clever Programmer\\React-projects\\amazon-clone-app\\functions\\12640"}}
[debug] [2020-09-15T10:33:04.568Z] [functions] Runtime ready! Sending request! {"metadata":{"emulator":{"name":"functions"},"message":"[functions] Runtime ready! Sending request!"}}
[debug] [2020-09-15T10:33:04.573Z] [runtime-status] [12640] Ephemeral server handling GET request {"metadata":{"emulator":{"name":"functions"},"function":{"name":"api"},"message":"[runtime-status] [12640] Ephemeral server handling GET request"}}
[debug] [2020-09-15T10:33:04.580Z] [runtime-status] [12640] Ephemeral server survived. {"metadata":{"emulator":{"name":"functions"},"function":{"name":"api"},"message":"[runtime-status] [12640] Ephemeral server survived."}}
[info] i  functions: Finished "api" in ~1s {"metadata":{"emulator":{"name":"functions"},"function":{"name":"api"},"message":"Finished \"api\" in ~1s"}}
[debug] [2020-09-15T10:33:04.583Z] [worker-api-30a605db-3e07-4ce0-9b41-7def2e35ae79]: IDLE {"metadata":{"emulator":{"name":"functions"},"message":"[worker-api-30a605db-3e07-4ce0-9b41-7def2e35ae79]: IDLE"}}
[debug] [2020-09-15T10:33:04.584Z] [work-queue] {"queueLength":0,"workRunningCount":0}
[debug] [2020-09-15T10:33:29.050Z] [work-queue] {"queueLength":1,"workRunningCount":0}
[debug] [2020-09-15T10:33:29.050Z] [work-queue] {"queueLength":0,"workRunningCount":1}
[debug] [2020-09-15T10:33:29.051Z] Accepted request POST /clone-app-a4060/us-central1/api/payments/create?total=327782 --> api
[debug] [2020-09-15T10:33:29.051Z] [worker-pool] submitWork(triggerId=api) {"metadata":{"emulator":{"name":"functions"},"message":"[worker-pool] submitWork(triggerId=api)"}}
[debug] [2020-09-15T10:33:29.051Z] [worker-api-30a605db-3e07-4ce0-9b41-7def2e35ae79]: Assigning socketPath: \\?\pipe\C:\Users\Lenovo\Music\Clever Programmer\React-projects\amazon-clone-app\functions\12640 {"metadata":{"emulator":{"name":"functions"},"message":"[worker-api-30a605db-3e07-4ce0-9b41-7def2e35ae79]: Assigning socketPath: \\\\?\\pipe\\C:\\Users\\Lenovo\\Music\\Clever Programmer\\React-projects\\amazon-clone-app\\functions\\12640"}}
[debug] [2020-09-15T10:33:29.051Z] [worker-api-30a605db-3e07-4ce0-9b41-7def2e35ae79]: BUSY {"metadata":{"emulator":{"name":"functions"},"message":"[worker-api-30a605db-3e07-4ce0-9b41-7def2e35ae79]: BUSY"}}
[debug] [2020-09-15T10:33:29.052Z] [runtime-status] [12640] Trigger "api" has been found, beginning invocation! {"metadata":{"emulator":{"name":"functions"},"function":{"name":"api"},"message":"[runtime-status] [12640] Trigger \"api\" has been found, beginning invocation!"}}
[info] i  functions: Beginning execution of "api" {"metadata":{"emulator":{"name":"functions"},"function":{"name":"api"},"message":"Beginning execution of \"api\""}}
[debug] [2020-09-15T10:33:29.053Z] [runtime-status] [12640] triggerDefinition {"httpsTrigger":{},"name":"api","entryPoint":"api"} {"metadata":{"emulator":{"name":"functions"},"function":{"name":"api"},"message":"[runtime-status] [12640] triggerDefinition {\"httpsTrigger\":{},\"name\":\"api\",\"entryPoint\":\"api\"}"}}
[debug] [2020-09-15T10:33:29.053Z] [runtime-status] [12640] Running api in mode HTTPS {"metadata":{"emulator":{"name":"functions"},"function":{"name":"api"},"message":"[runtime-status] [12640] Running api in mode HTTPS"}}
[debug] [2020-09-15T10:33:29.053Z] [runtime-status] [12640] Attempting to listen to socketPath: \\?\pipe\C:\Users\Lenovo\Music\Clever Programmer\React-projects\amazon-clone-app\functions\12640 {"metadata":{"emulator":{"name":"functions"},"function":{"name":"api"},"message":"[runtime-status] [12640] Attempting to listen to socketPath: \\\\?\\pipe\\C:\\Users\\Lenovo\\Music\\Clever Programmer\\React-projects\\amazon-clone-app\\functions\\12640"}}
[debug] [2020-09-15T10:33:29.054Z] [functions] Runtime ready! Sending request! {"metadata":{"emulator":{"name":"functions"},"message":"[functions] Runtime ready! Sending request!"}}
[debug] [2020-09-15T10:33:29.058Z] [runtime-status] [12640] Ephemeral server handling POST request {"metadata":{"emulator":{"name":"functions"},"function":{"name":"api"},"message":"[runtime-status] [12640] Ephemeral server handling POST request"}}
[info] >  Payment Request Recieved BOOM !!!! for this amount >>> 327782 {"user":"Payment Request Recieved BOOM !!!! for this amount >>> 327782","metadata":{"emulator":{"name":"functions"},"function":{"name":"api"},"message":"\u001b[90m> \u001b[39m Payment Request Recieved BOOM !!!! for this amount >>> 327782"}}
[debug] [2020-09-15T10:33:29.067Z] [runtime-status] [12640] Ephemeral server survived. {"metadata":{"emulator":{"name":"functions"},"function":{"name":"api"},"message":"[runtime-status] [12640] Ephemeral server survived."}}
[info] i  functions: Finished "api" in ~1s {"metadata":{"emulator":{"name":"functions"},"function":{"name":"api"},"message":"Finished \"api\" in ~1s"}}
[debug] [2020-09-15T10:33:29.868Z] [worker-api-30a605db-3e07-4ce0-9b41-7def2e35ae79]: IDLE {"metadata":{"emulator":{"name":"functions"},"message":"[worker-api-30a605db-3e07-4ce0-9b41-7def2e35ae79]: IDLE"}}
[debug] [2020-09-15T10:33:29.869Z] [work-queue] {"queueLength":0,"workRunningCount":0}
[debug] [2020-09-15T10:40:02.386Z] File C:\Users\Lenovo\Music\Clever Programmer\React-projects\amazon-clone-app\functions\index.js changed, reloading triggers {"metadata":{"emulator":{"name":"functions"},"message":"File C:\\Users\\Lenovo\\Music\\Clever Programmer\\React-projects\\amazon-clone-app\\functions\\index.js changed, reloading triggers"}}
[debug] [2020-09-15T10:40:03.400Z] [worker-pool] Shutting down IDLE worker (~diagnostic~) {"metadata":{"emulator":{"name":"functions"},"message":"[worker-pool] Shutting down IDLE worker (~diagnostic~)"}}
[debug] [2020-09-15T10:40:03.400Z] [worker-~diagnostic~-b7a9ae71-580a-4d79-bdb8-f6c7e3945edb]: FINISHING {"metadata":{"emulator":{"name":"functions"},"message":"[worker-~diagnostic~-b7a9ae71-580a-4d79-bdb8-f6c7e3945edb]: FINISHING"}}
[debug] [2020-09-15T10:40:03.400Z] [worker-pool] Shutting down IDLE worker (api) {"metadata":{"emulator":{"name":"functions"},"message":"[worker-pool] Shutting down IDLE worker (api)"}}
[debug] [2020-09-15T10:40:03.400Z] [worker-api-30a605db-3e07-4ce0-9b41-7def2e35ae79]: FINISHING {"metadata":{"emulator":{"name":"functions"},"message":"[worker-api-30a605db-3e07-4ce0-9b41-7def2e35ae79]: FINISHING"}}
[debug] [2020-09-15T10:40:03.405Z] [worker-pool] addWorker(~diagnostic~) {"metadata":{"emulator":{"name":"functions"},"message":"[worker-pool] addWorker(~diagnostic~)"}}
[debug] [2020-09-15T10:40:03.405Z] [worker-pool] Adding worker with key ~diagnostic~, total=2 {"metadata":{"emulator":{"name":"functions"},"message":"[worker-pool] Adding worker with key ~diagnostic~, total=2"}}
[debug] [2020-09-15T10:40:03.405Z] [worker-pool] submitWork(triggerId=) {"metadata":{"emulator":{"name":"functions"},"message":"[worker-pool] submitWork(triggerId=)"}}
[debug] [2020-09-15T10:40:03.405Z] [worker-~diagnostic~-bbb1c75e-5463-471c-bf23-23eb4a56f546]: Assigning socketPath: \\?\pipe\C:\Users\Lenovo\Music\Clever Programmer\React-projects\amazon-clone-app\functions\8996 {"metadata":{"emulator":{"name":"functions"},"message":"[worker-~diagnostic~-bbb1c75e-5463-471c-bf23-23eb4a56f546]: Assigning socketPath: \\\\?\\pipe\\C:\\Users\\Lenovo\\Music\\Clever Programmer\\React-projects\\amazon-clone-app\\functions\\8996"}}
[debug] [2020-09-15T10:40:03.405Z] [worker-~diagnostic~-bbb1c75e-5463-471c-bf23-23eb4a56f546]: BUSY {"metadata":{"emulator":{"name":"functions"},"message":"[worker-~diagnostic~-bbb1c75e-5463-471c-bf23-23eb4a56f546]: BUSY"}}
[debug] [2020-09-15T10:40:03.434Z] [worker-api-30a605db-3e07-4ce0-9b41-7def2e35ae79]: exited {"metadata":{"emulator":{"name":"functions"},"message":"[worker-api-30a605db-3e07-4ce0-9b41-7def2e35ae79]: exited"}}
[debug] [2020-09-15T10:40:03.434Z] [worker-api-30a605db-3e07-4ce0-9b41-7def2e35ae79]: FINISHED {"metadata":{"emulator":{"name":"functions"},"message":"[worker-api-30a605db-3e07-4ce0-9b41-7def2e35ae79]: FINISHED"}}
[debug] [2020-09-15T10:40:03.435Z] [worker-~diagnostic~-b7a9ae71-580a-4d79-bdb8-f6c7e3945edb]: exited {"metadata":{"emulator":{"name":"functions"},"message":"[worker-~diagnostic~-b7a9ae71-580a-4d79-bdb8-f6c7e3945edb]: exited"}}
[debug] [2020-09-15T10:40:03.435Z] [worker-~diagnostic~-b7a9ae71-580a-4d79-bdb8-f6c7e3945edb]: FINISHED {"metadata":{"emulator":{"name":"functions"},"message":"[worker-~diagnostic~-b7a9ae71-580a-4d79-bdb8-f6c7e3945edb]: FINISHED"}}
[debug] [2020-09-15T10:40:04.013Z] [runtime-status] [8996] Functions runtime initialized. {"cwd":"C:\\Users\\Lenovo\\Music\\Clever Programmer\\React-projects\\amazon-clone-app\\functions","node_version":"12.18.2"} {"metadata":{"emulator":{"name":"functions"},"message":"[runtime-status] [8996] Functions runtime initialized. {\"cwd\":\"C:\\\\Users\\\\Lenovo\\\\Music\\\\Clever Programmer\\\\React-projects\\\\amazon-clone-app\\\\functions\",\"node_version\":\"12.18.2\"}"}}
[debug] [2020-09-15T10:40:04.018Z] [runtime-status] [8996] Disabled runtime features: undefined {"metadata":{"emulator":{"name":"functions"},"message":"[runtime-status] [8996] Disabled runtime features: undefined"}}
[debug] [2020-09-15T10:40:04.025Z] [runtime-status] [8996] Resolved module firebase-admin {"declared":true,"installed":true,"version":"8.13.0","resolution":"C:\\Users\\Lenovo\\Music\\Clever Programmer\\React-projects\\amazon-clone-app\\functions\\node_modules\\firebase-admin\\lib\\index.js"} {"metadata":{"emulator":{"name":"functions"},"message":"[runtime-status] [8996] Resolved module firebase-admin {\"declared\":true,\"installed\":true,\"version\":\"8.13.0\",\"resolution\":\"C:\\\\Users\\\\Lenovo\\\\Music\\\\Clever Programmer\\\\React-projects\\\\amazon-clone-app\\\\functions\\\\node_modules\\\\firebase-admin\\\\lib\\\\index.js\"}"}}
[debug] [2020-09-15T10:40:04.026Z] [runtime-status] [8996] Resolved module firebase-functions {"declared":true,"installed":true,"version":"3.11.0","resolution":"C:\\Users\\Lenovo\\Music\\Clever Programmer\\React-projects\\amazon-clone-app\\functions\\node_modules\\firebase-functions\\lib\\index.js"} {"metadata":{"emulator":{"name":"functions"},"message":"[runtime-status] [8996] Resolved module firebase-functions {\"declared\":true,\"installed\":true,\"version\":\"3.11.0\",\"resolution\":\"C:\\\\Users\\\\Lenovo\\\\Music\\\\Clever Programmer\\\\React-projects\\\\amazon-clone-app\\\\functions\\\\node_modules\\\\firebase-functions\\\\lib\\\\index.js\"}"}}
[debug] [2020-09-15T10:40:04.029Z] [runtime-status] [8996] Resolved module firebase-functions {"declared":true,"installed":true,"version":"3.11.0","resolution":"C:\\Users\\Lenovo\\Music\\Clever Programmer\\React-projects\\amazon-clone-app\\functions\\node_modules\\firebase-functions\\lib\\index.js"} {"metadata":{"emulator":{"name":"functions"},"message":"[runtime-status] [8996] Resolved module firebase-functions {\"declared\":true,\"installed\":true,\"version\":\"3.11.0\",\"resolution\":\"C:\\\\Users\\\\Lenovo\\\\Music\\\\Clever Programmer\\\\React-projects\\\\amazon-clone-app\\\\functions\\\\node_modules\\\\firebase-functions\\\\lib\\\\index.js\"}"}}
[debug] [2020-09-15T10:40:04.030Z] [runtime-status] [8996] Outgoing network have been stubbed. [{"name":"http","status":"mocked"},{"name":"http","status":"mocked"},{"name":"https","status":"mocked"},{"name":"https","status":"mocked"},{"name":"net","status":"mocked"}] {"metadata":{"emulator":{"name":"functions"},"message":"[runtime-status] [8996] Outgoing network have been stubbed. [{\"name\":\"http\",\"status\":\"mocked\"},{\"name\":\"http\",\"status\":\"mocked\"},{\"name\":\"https\",\"status\":\"mocked\"},{\"name\":\"https\",\"status\":\"mocked\"},{\"name\":\"net\",\"status\":\"mocked\"}]"}}
[debug] [2020-09-15T10:40:04.031Z] [runtime-status] [8996] Resolved module firebase-functions {"declared":true,"installed":true,"version":"3.11.0","resolution":"C:\\Users\\Lenovo\\Music\\Clever Programmer\\React-projects\\amazon-clone-app\\functions\\node_modules\\firebase-functions\\lib\\index.js"} {"metadata":{"emulator":{"name":"functions"},"message":"[runtime-status] [8996] Resolved module firebase-functions {\"declared\":true,\"installed\":true,\"version\":\"3.11.0\",\"resolution\":\"C:\\\\Users\\\\Lenovo\\\\Music\\\\Clever Programmer\\\\React-projects\\\\amazon-clone-app\\\\functions\\\\node_modules\\\\firebase-functions\\\\lib\\\\index.js\"}"}}
[debug] [2020-09-15T10:40:04.075Z] [runtime-status] [8996] Checked functions.config() {"config":{}} {"metadata":{"emulator":{"name":"functions"},"message":"[runtime-status] [8996] Checked functions.config() {\"config\":{}}"}}
[debug] [2020-09-15T10:40:04.075Z] [runtime-status] [8996] firebase-functions has been stubbed. {"functionsResolution":{"declared":true,"installed":true,"version":"3.11.0","resolution":"C:\\Users\\Lenovo\\Music\\Clever Programmer\\React-projects\\amazon-clone-app\\functions\\node_modules\\firebase-functions\\lib\\index.js"}} {"metadata":{"emulator":{"name":"functions"},"message":"[runtime-status] [8996] firebase-functions has been stubbed. {\"functionsResolution\":{\"declared\":true,\"installed\":true,\"version\":\"3.11.0\",\"resolution\":\"C:\\\\Users\\\\Lenovo\\\\Music\\\\Clever Programmer\\\\React-projects\\\\amazon-clone-app\\\\functions\\\\node_modules\\\\firebase-functions\\\\lib\\\\index.js\"}}"}}
[debug] [2020-09-15T10:40:04.076Z] [runtime-status] [8996] Resolved module firebase-functions {"declared":true,"installed":true,"version":"3.11.0","resolution":"C:\\Users\\Lenovo\\Music\\Clever Programmer\\React-projects\\amazon-clone-app\\functions\\node_modules\\firebase-functions\\lib\\index.js"} {"metadata":{"emulator":{"name":"functions"},"message":"[runtime-status] [8996] Resolved module firebase-functions {\"declared\":true,\"installed\":true,\"version\":\"3.11.0\",\"resolution\":\"C:\\\\Users\\\\Lenovo\\\\Music\\\\Clever Programmer\\\\React-projects\\\\amazon-clone-app\\\\functions\\\\node_modules\\\\firebase-functions\\\\lib\\\\index.js\"}"}}
[debug] [2020-09-15T10:40:04.078Z] [runtime-status] [8996] Resolved module firebase-admin {"declared":true,"installed":true,"version":"8.13.0","resolution":"C:\\Users\\Lenovo\\Music\\Clever Programmer\\React-projects\\amazon-clone-app\\functions\\node_modules\\firebase-admin\\lib\\index.js"} {"metadata":{"emulator":{"name":"functions"},"message":"[runtime-status] [8996] Resolved module firebase-admin {\"declared\":true,\"installed\":true,\"version\":\"8.13.0\",\"resolution\":\"C:\\\\Users\\\\Lenovo\\\\Music\\\\Clever Programmer\\\\React-projects\\\\amazon-clone-app\\\\functions\\\\node_modules\\\\firebase-admin\\\\lib\\\\index.js\"}"}}
[debug] [2020-09-15T10:40:04.079Z] [runtime-status] [8996] Resolved module firebase-functions {"declared":true,"installed":true,"version":"3.11.0","resolution":"C:\\Users\\Lenovo\\Music\\Clever Programmer\\React-projects\\amazon-clone-app\\functions\\node_modules\\firebase-functions\\lib\\index.js"} {"metadata":{"emulator":{"name":"functions"},"message":"[runtime-status] [8996] Resolved module firebase-functions {\"declared\":true,\"installed\":true,\"version\":\"3.11.0\",\"resolution\":\"C:\\\\Users\\\\Lenovo\\\\Music\\\\Clever Programmer\\\\React-projects\\\\amazon-clone-app\\\\functions\\\\node_modules\\\\firebase-functions\\\\lib\\\\index.js\"}"}}
[debug] [2020-09-15T10:40:04.079Z] [runtime-status] [8996] firebase-admin has been stubbed. {"adminResolution":{"declared":true,"installed":true,"version":"8.13.0","resolution":"C:\\Users\\Lenovo\\Music\\Clever Programmer\\React-projects\\amazon-clone-app\\functions\\node_modules\\firebase-admin\\lib\\index.js"}} {"metadata":{"emulator":{"name":"functions"},"message":"[runtime-status] [8996] firebase-admin has been stubbed. {\"adminResolution\":{\"declared\":true,\"installed\":true,\"version\":\"8.13.0\",\"resolution\":\"C:\\\\Users\\\\Lenovo\\\\Music\\\\Clever Programmer\\\\React-projects\\\\amazon-clone-app\\\\functions\\\\node_modules\\\\firebase-admin\\\\lib\\\\index.js\"}}"}}
[warn] !  C:\Users\Lenovo\Music\Clever Programmer\React-projects\amazon-clone-app\functions\index.js:22
app.post('/payments/create', async (request, response) => {/payments/create
                                                           ^

SyntaxError: Invalid regular expression flags
    at wrapSafe (internal/modules/cjs/loader.js:1054:16)
    at Module._compile (internal/modules/cjs/loader.js:1102:27)
    at Object.Module._extensions..js (internal/modules/cjs/loader.js:1158:10)
    at Module.load (internal/modules/cjs/loader.js:986:32)
    at Function.Module._load (internal/modules/cjs/loader.js:879:14)
    at Module.require (internal/modules/cjs/loader.js:1026:19)
    at require (internal/modules/cjs/helpers.js:72:18)
    at C:\Users\Lenovo\AppData\Roaming\npm\node_modules\firebase-tools\lib\emulator\functionsEmulatorRuntime.js:681:33
    at Generator.next (<anonymous>)
    at fulfilled (C:\Users\Lenovo\AppData\Roaming\npm\node_modules\firebase-tools\lib\emulator\functionsEmulatorRuntime.js:5:58) {"metadata":{"emulator":{"name":"functions"},"message":"C:\\Users\\Lenovo\\Music\\Clever Programmer\\React-projects\\amazon-clone-app\\functions\\index.js:22\napp.post('/payments/create', async (request, response) => {/payments/create\n                                                           ^\n\nSyntaxError: Invalid regular expression flags\n    at wrapSafe (internal/modules/cjs/loader.js:1054:16)\n    at Module._compile (internal/modules/cjs/loader.js:1102:27)\n    at Object.Module._extensions..js (internal/modules/cjs/loader.js:1158:10)\n    at Module.load (internal/modules/cjs/loader.js:986:32)\n    at Function.Module._load (internal/modules/cjs/loader.js:879:14)\n    at Module.require (internal/modules/cjs/loader.js:1026:19)\n    at require (internal/modules/cjs/helpers.js:72:18)\n    at C:\\Users\\Lenovo\\AppData\\Roaming\\npm\\node_modules\\firebase-tools\\lib\\emulator\\functionsEmulatorRuntime.js:681:33\n    at Generator.next (<anonymous>)\n    at fulfilled (C:\\Users\\Lenovo\\AppData\\Roaming\\npm\\node_modules\\firebase-tools\\lib\\emulator\\functionsEmulatorRuntime.js:5:58)"}}
[warn] !  We were unable to load your functions code. (see above) {"metadata":{"emulator":{"name":"functions"}}}
[debug] [2020-09-15T10:40:04.113Z] [worker-~diagnostic~-bbb1c75e-5463-471c-bf23-23eb4a56f546]: exited {"metadata":{"emulator":{"name":"functions"},"message":"[worker-~diagnostic~-bbb1c75e-5463-471c-bf23-23eb4a56f546]: exited"}}
[debug] [2020-09-15T10:40:04.114Z] [worker-~diagnostic~-bbb1c75e-5463-471c-bf23-23eb4a56f546]: FINISHED {"metadata":{"emulator":{"name":"functions"},"message":"[worker-~diagnostic~-bbb1c75e-5463-471c-bf23-23eb4a56f546]: FINISHED"}}
[debug] [2020-09-15T10:40:05.625Z] File C:\Users\Lenovo\Music\Clever Programmer\React-projects\amazon-clone-app\functions\index.js changed, reloading triggers {"metadata":{"emulator":{"name":"functions"},"message":"File C:\\Users\\Lenovo\\Music\\Clever Programmer\\React-projects\\amazon-clone-app\\functions\\index.js changed, reloading triggers"}}
[debug] [2020-09-15T10:40:06.639Z] [worker-pool] Cleaned up workers for ~diagnostic~: 2 --> 0 {"metadata":{"emulator":{"name":"functions"},"message":"[worker-pool] Cleaned up workers for ~diagnostic~: 2 --> 0"}}
[debug] [2020-09-15T10:40:06.639Z] [worker-pool] Cleaned up workers for api: 1 --> 0 {"metadata":{"emulator":{"name":"functions"},"message":"[worker-pool] Cleaned up workers for api: 1 --> 0"}}
[debug] [2020-09-15T10:40:06.643Z] [worker-pool] addWorker(~diagnostic~) {"metadata":{"emulator":{"name":"functions"},"message":"[worker-pool] addWorker(~diagnostic~)"}}
[debug] [2020-09-15T10:40:06.644Z] [worker-pool] Adding worker with key ~diagnostic~, total=1 {"metadata":{"emulator":{"name":"functions"},"message":"[worker-pool] Adding worker with key ~diagnostic~, total=1"}}
[debug] [2020-09-15T10:40:06.644Z] [worker-pool] submitWork(triggerId=) {"metadata":{"emulator":{"name":"functions"},"message":"[worker-pool] submitWork(triggerId=)"}}
[debug] [2020-09-15T10:40:06.644Z] [worker-~diagnostic~-f970329a-dea2-4074-a56b-bb5b682c0943]: Assigning socketPath: \\?\pipe\C:\Users\Lenovo\Music\Clever Programmer\React-projects\amazon-clone-app\functions\5780 {"metadata":{"emulator":{"name":"functions"},"message":"[worker-~diagnostic~-f970329a-dea2-4074-a56b-bb5b682c0943]: Assigning socketPath: \\\\?\\pipe\\C:\\Users\\Lenovo\\Music\\Clever Programmer\\React-projects\\amazon-clone-app\\functions\\5780"}}
[debug] [2020-09-15T10:40:06.644Z] [worker-~diagnostic~-f970329a-dea2-4074-a56b-bb5b682c0943]: BUSY {"metadata":{"emulator":{"name":"functions"},"message":"[worker-~diagnostic~-f970329a-dea2-4074-a56b-bb5b682c0943]: BUSY"}}
[debug] [2020-09-15T10:40:07.056Z] [runtime-status] [5780] Functions runtime initialized. {"cwd":"C:\\Users\\Lenovo\\Music\\Clever Programmer\\React-projects\\amazon-clone-app\\functions","node_version":"12.18.2"} {"metadata":{"emulator":{"name":"functions"},"message":"[runtime-status] [5780] Functions runtime initialized. {\"cwd\":\"C:\\\\Users\\\\Lenovo\\\\Music\\\\Clever Programmer\\\\React-projects\\\\amazon-clone-app\\\\functions\",\"node_version\":\"12.18.2\"}"}}
[debug] [2020-09-15T10:40:07.060Z] [runtime-status] [5780] Disabled runtime features: undefined {"metadata":{"emulator":{"name":"functions"},"message":"[runtime-status] [5780] Disabled runtime features: undefined"}}
[debug] [2020-09-15T10:40:07.067Z] [runtime-status] [5780] Resolved module firebase-admin {"declared":true,"installed":true,"version":"8.13.0","resolution":"C:\\Users\\Lenovo\\Music\\Clever Programmer\\React-projects\\amazon-clone-app\\functions\\node_modules\\firebase-admin\\lib\\index.js"} {"metadata":{"emulator":{"name":"functions"},"message":"[runtime-status] [5780] Resolved module firebase-admin {\"declared\":true,\"installed\":true,\"version\":\"8.13.0\",\"resolution\":\"C:\\\\Users\\\\Lenovo\\\\Music\\\\Clever Programmer\\\\React-projects\\\\amazon-clone-app\\\\functions\\\\node_modules\\\\firebase-admin\\\\lib\\\\index.js\"}"}}
[debug] [2020-09-15T10:40:07.067Z] [runtime-status] [5780] Resolved module firebase-functions {"declared":true,"installed":true,"version":"3.11.0","resolution":"C:\\Users\\Lenovo\\Music\\Clever Programmer\\React-projects\\amazon-clone-app\\functions\\node_modules\\firebase-functions\\lib\\index.js"} {"metadata":{"emulator":{"name":"functions"},"message":"[runtime-status] [5780] Resolved module firebase-functions {\"declared\":true,\"installed\":true,\"version\":\"3.11.0\",\"resolution\":\"C:\\\\Users\\\\Lenovo\\\\Music\\\\Clever Programmer\\\\React-projects\\\\amazon-clone-app\\\\functions\\\\node_modules\\\\firebase-functions\\\\lib\\\\index.js\"}"}}
[debug] [2020-09-15T10:40:07.068Z] [runtime-status] [5780] Resolved module firebase-functions {"declared":true,"installed":true,"version":"3.11.0","resolution":"C:\\Users\\Lenovo\\Music\\Clever Programmer\\React-projects\\amazon-clone-app\\functions\\node_modules\\firebase-functions\\lib\\index.js"} {"metadata":{"emulator":{"name":"functions"},"message":"[runtime-status] [5780] Resolved module firebase-functions {\"declared\":true,\"installed\":true,\"version\":\"3.11.0\",\"resolution\":\"C:\\\\Users\\\\Lenovo\\\\Music\\\\Clever Programmer\\\\React-projects\\\\amazon-clone-app\\\\functions\\\\node_modules\\\\firebase-functions\\\\lib\\\\index.js\"}"}}
[debug] [2020-09-15T10:40:07.070Z] [runtime-status] [5780] Outgoing network have been stubbed. [{"name":"http","status":"mocked"},{"name":"http","status":"mocked"},{"name":"https","status":"mocked"},{"name":"https","status":"mocked"},{"name":"net","status":"mocked"}] {"metadata":{"emulator":{"name":"functions"},"message":"[runtime-status] [5780] Outgoing network have been stubbed. [{\"name\":\"http\",\"status\":\"mocked\"},{\"name\":\"http\",\"status\":\"mocked\"},{\"name\":\"https\",\"status\":\"mocked\"},{\"name\":\"https\",\"status\":\"mocked\"},{\"name\":\"net\",\"status\":\"mocked\"}]"}}
[debug] [2020-09-15T10:40:07.070Z] [runtime-status] [5780] Resolved module firebase-functions {"declared":true,"installed":true,"version":"3.11.0","resolution":"C:\\Users\\Lenovo\\Music\\Clever Programmer\\React-projects\\amazon-clone-app\\functions\\node_modules\\firebase-functions\\lib\\index.js"} {"metadata":{"emulator":{"name":"functions"},"message":"[runtime-status] [5780] Resolved module firebase-functions {\"declared\":true,\"installed\":true,\"version\":\"3.11.0\",\"resolution\":\"C:\\\\Users\\\\Lenovo\\\\Music\\\\Clever Programmer\\\\React-projects\\\\amazon-clone-app\\\\functions\\\\node_modules\\\\firebase-functions\\\\lib\\\\index.js\"}"}}
[debug] [2020-09-15T10:40:07.116Z] [runtime-status] [5780] Checked functions.config() {"config":{}} {"metadata":{"emulator":{"name":"functions"},"message":"[runtime-status] [5780] Checked functions.config() {\"config\":{}}"}}
[debug] [2020-09-15T10:40:07.116Z] [runtime-status] [5780] firebase-functions has been stubbed. {"functionsResolution":{"declared":true,"installed":true,"version":"3.11.0","resolution":"C:\\Users\\Lenovo\\Music\\Clever Programmer\\React-projects\\amazon-clone-app\\functions\\node_modules\\firebase-functions\\lib\\index.js"}} {"metadata":{"emulator":{"name":"functions"},"message":"[runtime-status] [5780] firebase-functions has been stubbed. {\"functionsResolution\":{\"declared\":true,\"installed\":true,\"version\":\"3.11.0\",\"resolution\":\"C:\\\\Users\\\\Lenovo\\\\Music\\\\Clever Programmer\\\\React-projects\\\\amazon-clone-app\\\\functions\\\\node_modules\\\\firebase-functions\\\\lib\\\\index.js\"}}"}}
[debug] [2020-09-15T10:40:07.117Z] [runtime-status] [5780] Resolved module firebase-functions {"declared":true,"installed":true,"version":"3.11.0","resolution":"C:\\Users\\Lenovo\\Music\\Clever Programmer\\React-projects\\amazon-clone-app\\functions\\node_modules\\firebase-functions\\lib\\index.js"} {"metadata":{"emulator":{"name":"functions"},"message":"[runtime-status] [5780] Resolved module firebase-functions {\"declared\":true,\"installed\":true,\"version\":\"3.11.0\",\"resolution\":\"C:\\\\Users\\\\Lenovo\\\\Music\\\\Clever Programmer\\\\React-projects\\\\amazon-clone-app\\\\functions\\\\node_modules\\\\firebase-functions\\\\lib\\\\index.js\"}"}}
[debug] [2020-09-15T10:40:07.118Z] [runtime-status] [5780] Resolved module firebase-admin {"declared":true,"installed":true,"version":"8.13.0","resolution":"C:\\Users\\Lenovo\\Music\\Clever Programmer\\React-projects\\amazon-clone-app\\functions\\node_modules\\firebase-admin\\lib\\index.js"} {"metadata":{"emulator":{"name":"functions"},"message":"[runtime-status] [5780] Resolved module firebase-admin {\"declared\":true,\"installed\":true,\"version\":\"8.13.0\",\"resolution\":\"C:\\\\Users\\\\Lenovo\\\\Music\\\\Clever Programmer\\\\React-projects\\\\amazon-clone-app\\\\functions\\\\node_modules\\\\firebase-admin\\\\lib\\\\index.js\"}"}}
[debug] [2020-09-15T10:40:07.119Z] [runtime-status] [5780] Resolved module firebase-functions {"declared":true,"installed":true,"version":"3.11.0","resolution":"C:\\Users\\Lenovo\\Music\\Clever Programmer\\React-projects\\amazon-clone-app\\functions\\node_modules\\firebase-functions\\lib\\index.js"} {"metadata":{"emulator":{"name":"functions"},"message":"[runtime-status] [5780] Resolved module firebase-functions {\"declared\":true,\"installed\":true,\"version\":\"3.11.0\",\"resolution\":\"C:\\\\Users\\\\Lenovo\\\\Music\\\\Clever Programmer\\\\React-projects\\\\amazon-clone-app\\\\functions\\\\node_modules\\\\firebase-functions\\\\lib\\\\index.js\"}"}}
[debug] [2020-09-15T10:40:07.119Z] [runtime-status] [5780] firebase-admin has been stubbed. {"adminResolution":{"declared":true,"installed":true,"version":"8.13.0","resolution":"C:\\Users\\Lenovo\\Music\\Clever Programmer\\React-projects\\amazon-clone-app\\functions\\node_modules\\firebase-admin\\lib\\index.js"}} {"metadata":{"emulator":{"name":"functions"},"message":"[runtime-status] [5780] firebase-admin has been stubbed. {\"adminResolution\":{\"declared\":true,\"installed\":true,\"version\":\"8.13.0\",\"resolution\":\"C:\\\\Users\\\\Lenovo\\\\Music\\\\Clever Programmer\\\\React-projects\\\\amazon-clone-app\\\\functions\\\\node_modules\\\\firebase-admin\\\\lib\\\\index.js\"}}"}}
[debug] [2020-09-15T10:40:07.285Z] [worker-~diagnostic~-f970329a-dea2-4074-a56b-bb5b682c0943]: IDLE {"metadata":{"emulator":{"name":"functions"},"message":"[worker-~diagnostic~-f970329a-dea2-4074-a56b-bb5b682c0943]: IDLE"}}
[debug] [2020-09-15T10:42:06.063Z] File C:\Users\Lenovo\Music\Clever Programmer\React-projects\amazon-clone-app\functions\index.js changed, reloading triggers {"metadata":{"emulator":{"name":"functions"},"message":"File C:\\Users\\Lenovo\\Music\\Clever Programmer\\React-projects\\amazon-clone-app\\functions\\index.js changed, reloading triggers"}}
[debug] [2020-09-15T10:42:07.063Z] [worker-pool] Shutting down IDLE worker (~diagnostic~) {"metadata":{"emulator":{"name":"functions"},"message":"[worker-pool] Shutting down IDLE worker (~diagnostic~)"}}
[debug] [2020-09-15T10:42:07.063Z] [worker-~diagnostic~-f970329a-dea2-4074-a56b-bb5b682c0943]: FINISHING {"metadata":{"emulator":{"name":"functions"},"message":"[worker-~diagnostic~-f970329a-dea2-4074-a56b-bb5b682c0943]: FINISHING"}}
[debug] [2020-09-15T10:42:07.067Z] [worker-pool] addWorker(~diagnostic~) {"metadata":{"emulator":{"name":"functions"},"message":"[worker-pool] addWorker(~diagnostic~)"}}
[debug] [2020-09-15T10:42:07.067Z] [worker-pool] Adding worker with key ~diagnostic~, total=2 {"metadata":{"emulator":{"name":"functions"},"message":"[worker-pool] Adding worker with key ~diagnostic~, total=2"}}
[debug] [2020-09-15T10:42:07.067Z] [worker-pool] submitWork(triggerId=) {"metadata":{"emulator":{"name":"functions"},"message":"[worker-pool] submitWork(triggerId=)"}}
[debug] [2020-09-15T10:42:07.068Z] [worker-~diagnostic~-1d7a4e8a-bca3-4272-99ce-0e66326caf38]: Assigning socketPath: \\?\pipe\C:\Users\Lenovo\Music\Clever Programmer\React-projects\amazon-clone-app\functions\20696 {"metadata":{"emulator":{"name":"functions"},"message":"[worker-~diagnostic~-1d7a4e8a-bca3-4272-99ce-0e66326caf38]: Assigning socketPath: \\\\?\\pipe\\C:\\Users\\Lenovo\\Music\\Clever Programmer\\React-projects\\amazon-clone-app\\functions\\20696"}}
[debug] [2020-09-15T10:42:07.068Z] [worker-~diagnostic~-1d7a4e8a-bca3-4272-99ce-0e66326caf38]: BUSY {"metadata":{"emulator":{"name":"functions"},"message":"[worker-~diagnostic~-1d7a4e8a-bca3-4272-99ce-0e66326caf38]: BUSY"}}
[debug] [2020-09-15T10:42:07.069Z] [worker-~diagnostic~-f970329a-dea2-4074-a56b-bb5b682c0943]: exited {"metadata":{"emulator":{"name":"functions"},"message":"[worker-~diagnostic~-f970329a-dea2-4074-a56b-bb5b682c0943]: exited"}}
[debug] [2020-09-15T10:42:07.069Z] [worker-~diagnostic~-f970329a-dea2-4074-a56b-bb5b682c0943]: FINISHED {"metadata":{"emulator":{"name":"functions"},"message":"[worker-~diagnostic~-f970329a-dea2-4074-a56b-bb5b682c0943]: FINISHED"}}
[debug] [2020-09-15T10:42:07.418Z] File C:\Users\Lenovo\Music\Clever Programmer\React-projects\amazon-clone-app\functions\index.js changed, reloading triggers {"metadata":{"emulator":{"name":"functions"},"message":"File C:\\Users\\Lenovo\\Music\\Clever Programmer\\React-projects\\amazon-clone-app\\functions\\index.js changed, reloading triggers"}}
[debug] [2020-09-15T10:42:07.550Z] [runtime-status] [20696] Functions runtime initialized. {"cwd":"C:\\Users\\Lenovo\\Music\\Clever Programmer\\React-projects\\amazon-clone-app\\functions","node_version":"12.18.2"} {"metadata":{"emulator":{"name":"functions"},"message":"[runtime-status] [20696] Functions runtime initialized. {\"cwd\":\"C:\\\\Users\\\\Lenovo\\\\Music\\\\Clever Programmer\\\\React-projects\\\\amazon-clone-app\\\\functions\",\"node_version\":\"12.18.2\"}"}}
[debug] [2020-09-15T10:42:07.555Z] [runtime-status] [20696] Disabled runtime features: undefined {"metadata":{"emulator":{"name":"functions"},"message":"[runtime-status] [20696] Disabled runtime features: undefined"}}
[debug] [2020-09-15T10:42:07.560Z] [runtime-status] [20696] Resolved module firebase-admin {"declared":true,"installed":true,"version":"8.13.0","resolution":"C:\\Users\\Lenovo\\Music\\Clever Programmer\\React-projects\\amazon-clone-app\\functions\\node_modules\\firebase-admin\\lib\\index.js"} {"metadata":{"emulator":{"name":"functions"},"message":"[runtime-status] [20696] Resolved module firebase-admin {\"declared\":true,\"installed\":true,\"version\":\"8.13.0\",\"resolution\":\"C:\\\\Users\\\\Lenovo\\\\Music\\\\Clever Programmer\\\\React-projects\\\\amazon-clone-app\\\\functions\\\\node_modules\\\\firebase-admin\\\\lib\\\\index.js\"}"}}
[debug] [2020-09-15T10:42:07.562Z] [runtime-status] [20696] Resolved module firebase-functions {"declared":true,"installed":true,"version":"3.11.0","resolution":"C:\\Users\\Lenovo\\Music\\Clever Programmer\\React-projects\\amazon-clone-app\\functions\\node_modules\\firebase-functions\\lib\\index.js"} {"metadata":{"emulator":{"name":"functions"},"message":"[runtime-status] [20696] Resolved module firebase-functions {\"declared\":true,\"installed\":true,\"version\":\"3.11.0\",\"resolution\":\"C:\\\\Users\\\\Lenovo\\\\Music\\\\Clever Programmer\\\\React-projects\\\\amazon-clone-app\\\\functions\\\\node_modules\\\\firebase-functions\\\\lib\\\\index.js\"}"}}
[debug] [2020-09-15T10:42:07.563Z] [runtime-status] [20696] Resolved module firebase-functions {"declared":true,"installed":true,"version":"3.11.0","resolution":"C:\\Users\\Lenovo\\Music\\Clever Programmer\\React-projects\\amazon-clone-app\\functions\\node_modules\\firebase-functions\\lib\\index.js"} {"metadata":{"emulator":{"name":"functions"},"message":"[runtime-status] [20696] Resolved module firebase-functions {\"declared\":true,\"installed\":true,\"version\":\"3.11.0\",\"resolution\":\"C:\\\\Users\\\\Lenovo\\\\Music\\\\Clever Programmer\\\\React-projects\\\\amazon-clone-app\\\\functions\\\\node_modules\\\\firebase-functions\\\\lib\\\\index.js\"}"}}
[debug] [2020-09-15T10:42:07.565Z] [runtime-status] [20696] Outgoing network have been stubbed. [{"name":"http","status":"mocked"},{"name":"http","status":"mocked"},{"name":"https","status":"mocked"},{"name":"https","status":"mocked"},{"name":"net","status":"mocked"}] {"metadata":{"emulator":{"name":"functions"},"message":"[runtime-status] [20696] Outgoing network have been stubbed. [{\"name\":\"http\",\"status\":\"mocked\"},{\"name\":\"http\",\"status\":\"mocked\"},{\"name\":\"https\",\"status\":\"mocked\"},{\"name\":\"https\",\"status\":\"mocked\"},{\"name\":\"net\",\"status\":\"mocked\"}]"}}
[debug] [2020-09-15T10:42:07.566Z] [runtime-status] [20696] Resolved module firebase-functions {"declared":true,"installed":true,"version":"3.11.0","resolution":"C:\\Users\\Lenovo\\Music\\Clever Programmer\\React-projects\\amazon-clone-app\\functions\\node_modules\\firebase-functions\\lib\\index.js"} {"metadata":{"emulator":{"name":"functions"},"message":"[runtime-status] [20696] Resolved module firebase-functions {\"declared\":true,\"installed\":true,\"version\":\"3.11.0\",\"resolution\":\"C:\\\\Users\\\\Lenovo\\\\Music\\\\Clever Programmer\\\\React-projects\\\\amazon-clone-app\\\\functions\\\\node_modules\\\\firebase-functions\\\\lib\\\\index.js\"}"}}
[debug] [2020-09-15T10:42:07.611Z] [runtime-status] [20696] Checked functions.config() {"config":{}} {"metadata":{"emulator":{"name":"functions"},"message":"[runtime-status] [20696] Checked functions.config() {\"config\":{}}"}}
[debug] [2020-09-15T10:42:07.611Z] [runtime-status] [20696] firebase-functions has been stubbed. {"functionsResolution":{"declared":true,"installed":true,"version":"3.11.0","resolution":"C:\\Users\\Lenovo\\Music\\Clever Programmer\\React-projects\\amazon-clone-app\\functions\\node_modules\\firebase-functions\\lib\\index.js"}} {"metadata":{"emulator":{"name":"functions"},"message":"[runtime-status] [20696] firebase-functions has been stubbed. {\"functionsResolution\":{\"declared\":true,\"installed\":true,\"version\":\"3.11.0\",\"resolution\":\"C:\\\\Users\\\\Lenovo\\\\Music\\\\Clever Programmer\\\\React-projects\\\\amazon-clone-app\\\\functions\\\\node_modules\\\\firebase-functions\\\\lib\\\\index.js\"}}"}}
[debug] [2020-09-15T10:42:07.612Z] [runtime-status] [20696] Resolved module firebase-functions {"declared":true,"installed":true,"version":"3.11.0","resolution":"C:\\Users\\Lenovo\\Music\\Clever Programmer\\React-projects\\amazon-clone-app\\functions\\node_modules\\firebase-functions\\lib\\index.js"} {"metadata":{"emulator":{"name":"functions"},"message":"[runtime-status] [20696] Resolved module firebase-functions {\"declared\":true,\"installed\":true,\"version\":\"3.11.0\",\"resolution\":\"C:\\\\Users\\\\Lenovo\\\\Music\\\\Clever Programmer\\\\React-projects\\\\amazon-clone-app\\\\functions\\\\node_modules\\\\firebase-functions\\\\lib\\\\index.js\"}"}}
[debug] [2020-09-15T10:42:07.614Z] [runtime-status] [20696] Resolved module firebase-admin {"declared":true,"installed":true,"version":"8.13.0","resolution":"C:\\Users\\Lenovo\\Music\\Clever Programmer\\React-projects\\amazon-clone-app\\functions\\node_modules\\firebase-admin\\lib\\index.js"} {"metadata":{"emulator":{"name":"functions"},"message":"[runtime-status] [20696] Resolved module firebase-admin {\"declared\":true,\"installed\":true,\"version\":\"8.13.0\",\"resolution\":\"C:\\\\Users\\\\Lenovo\\\\Music\\\\Clever Programmer\\\\React-projects\\\\amazon-clone-app\\\\functions\\\\node_modules\\\\firebase-admin\\\\lib\\\\index.js\"}"}}
[debug] [2020-09-15T10:42:07.614Z] [runtime-status] [20696] Resolved module firebase-functions {"declared":true,"installed":true,"version":"3.11.0","resolution":"C:\\Users\\Lenovo\\Music\\Clever Programmer\\React-projects\\amazon-clone-app\\functions\\node_modules\\firebase-functions\\lib\\index.js"} {"metadata":{"emulator":{"name":"functions"},"message":"[runtime-status] [20696] Resolved module firebase-functions {\"declared\":true,\"installed\":true,\"version\":\"3.11.0\",\"resolution\":\"C:\\\\Users\\\\Lenovo\\\\Music\\\\Clever Programmer\\\\React-projects\\\\amazon-clone-app\\\\functions\\\\node_modules\\\\firebase-functions\\\\lib\\\\index.js\"}"}}
[debug] [2020-09-15T10:42:07.615Z] [runtime-status] [20696] firebase-admin has been stubbed. {"adminResolution":{"declared":true,"installed":true,"version":"8.13.0","resolution":"C:\\Users\\Lenovo\\Music\\Clever Programmer\\React-projects\\amazon-clone-app\\functions\\node_modules\\firebase-admin\\lib\\index.js"}} {"metadata":{"emulator":{"name":"functions"},"message":"[runtime-status] [20696] firebase-admin has been stubbed. {\"adminResolution\":{\"declared\":true,\"installed\":true,\"version\":\"8.13.0\",\"resolution\":\"C:\\\\Users\\\\Lenovo\\\\Music\\\\Clever Programmer\\\\React-projects\\\\amazon-clone-app\\\\functions\\\\node_modules\\\\firebase-admin\\\\lib\\\\index.js\"}}"}}
[debug] [2020-09-15T10:42:07.794Z] [worker-~diagnostic~-1d7a4e8a-bca3-4272-99ce-0e66326caf38]: IDLE {"metadata":{"emulator":{"name":"functions"},"message":"[worker-~diagnostic~-1d7a4e8a-bca3-4272-99ce-0e66326caf38]: IDLE"}}
[debug] [2020-09-15T10:42:08.429Z] [worker-pool] Shutting down IDLE worker (~diagnostic~) {"metadata":{"emulator":{"name":"functions"},"message":"[worker-pool] Shutting down IDLE worker (~diagnostic~)"}}
[debug] [2020-09-15T10:42:08.429Z] [worker-~diagnostic~-1d7a4e8a-bca3-4272-99ce-0e66326caf38]: FINISHING {"metadata":{"emulator":{"name":"functions"},"message":"[worker-~diagnostic~-1d7a4e8a-bca3-4272-99ce-0e66326caf38]: FINISHING"}}
[debug] [2020-09-15T10:42:08.430Z] [worker-pool] Cleaned up workers for ~diagnostic~: 2 --> 1 {"metadata":{"emulator":{"name":"functions"},"message":"[worker-pool] Cleaned up workers for ~diagnostic~: 2 --> 1"}}
[debug] [2020-09-15T10:42:08.434Z] [worker-pool] addWorker(~diagnostic~) {"metadata":{"emulator":{"name":"functions"},"message":"[worker-pool] addWorker(~diagnostic~)"}}
[debug] [2020-09-15T10:42:08.434Z] [worker-pool] Adding worker with key ~diagnostic~, total=2 {"metadata":{"emulator":{"name":"functions"},"message":"[worker-pool] Adding worker with key ~diagnostic~, total=2"}}
[debug] [2020-09-15T10:42:08.434Z] [worker-pool] submitWork(triggerId=) {"metadata":{"emulator":{"name":"functions"},"message":"[worker-pool] submitWork(triggerId=)"}}
[debug] [2020-09-15T10:42:08.434Z] [worker-~diagnostic~-7decefaa-0e31-4675-b155-1a1eba1aae63]: Assigning socketPath: \\?\pipe\C:\Users\Lenovo\Music\Clever Programmer\React-projects\amazon-clone-app\functions\15220 {"metadata":{"emulator":{"name":"functions"},"message":"[worker-~diagnostic~-7decefaa-0e31-4675-b155-1a1eba1aae63]: Assigning socketPath: \\\\?\\pipe\\C:\\Users\\Lenovo\\Music\\Clever Programmer\\React-projects\\amazon-clone-app\\functions\\15220"}}
[debug] [2020-09-15T10:42:08.434Z] [worker-~diagnostic~-7decefaa-0e31-4675-b155-1a1eba1aae63]: BUSY {"metadata":{"emulator":{"name":"functions"},"message":"[worker-~diagnostic~-7decefaa-0e31-4675-b155-1a1eba1aae63]: BUSY"}}
[debug] [2020-09-15T10:42:08.438Z] [worker-~diagnostic~-1d7a4e8a-bca3-4272-99ce-0e66326caf38]: exited {"metadata":{"emulator":{"name":"functions"},"message":"[worker-~diagnostic~-1d7a4e8a-bca3-4272-99ce-0e66326caf38]: exited"}}
[debug] [2020-09-15T10:42:08.438Z] [worker-~diagnostic~-1d7a4e8a-bca3-4272-99ce-0e66326caf38]: FINISHED {"metadata":{"emulator":{"name":"functions"},"message":"[worker-~diagnostic~-1d7a4e8a-bca3-4272-99ce-0e66326caf38]: FINISHED"}}
[debug] [2020-09-15T10:42:08.840Z] [runtime-status] [15220] Functions runtime initialized. {"cwd":"C:\\Users\\Lenovo\\Music\\Clever Programmer\\React-projects\\amazon-clone-app\\functions","node_version":"12.18.2"} {"metadata":{"emulator":{"name":"functions"},"message":"[runtime-status] [15220] Functions runtime initialized. {\"cwd\":\"C:\\\\Users\\\\Lenovo\\\\Music\\\\Clever Programmer\\\\React-projects\\\\amazon-clone-app\\\\functions\",\"node_version\":\"12.18.2\"}"}}
[debug] [2020-09-15T10:42:08.844Z] [runtime-status] [15220] Disabled runtime features: undefined {"metadata":{"emulator":{"name":"functions"},"message":"[runtime-status] [15220] Disabled runtime features: undefined"}}
[debug] [2020-09-15T10:42:08.848Z] [runtime-status] [15220] Resolved module firebase-admin {"declared":true,"installed":true,"version":"8.13.0","resolution":"C:\\Users\\Lenovo\\Music\\Clever Programmer\\React-projects\\amazon-clone-app\\functions\\node_modules\\firebase-admin\\lib\\index.js"} {"metadata":{"emulator":{"name":"functions"},"message":"[runtime-status] [15220] Resolved module firebase-admin {\"declared\":true,\"installed\":true,\"version\":\"8.13.0\",\"resolution\":\"C:\\\\Users\\\\Lenovo\\\\Music\\\\Clever Programmer\\\\React-projects\\\\amazon-clone-app\\\\functions\\\\node_modules\\\\firebase-admin\\\\lib\\\\index.js\"}"}}
[debug] [2020-09-15T10:42:08.852Z] [runtime-status] [15220] Resolved module firebase-functions {"declared":true,"installed":true,"version":"3.11.0","resolution":"C:\\Users\\Lenovo\\Music\\Clever Programmer\\React-projects\\amazon-clone-app\\functions\\node_modules\\firebase-functions\\lib\\index.js"} {"metadata":{"emulator":{"name":"functions"},"message":"[runtime-status] [15220] Resolved module firebase-functions {\"declared\":true,\"installed\":true,\"version\":\"3.11.0\",\"resolution\":\"C:\\\\Users\\\\Lenovo\\\\Music\\\\Clever Programmer\\\\React-projects\\\\amazon-clone-app\\\\functions\\\\node_modules\\\\firebase-functions\\\\lib\\\\index.js\"}"}}
[debug] [2020-09-15T10:42:08.853Z] [runtime-status] [15220] Resolved module firebase-functions {"declared":true,"installed":true,"version":"3.11.0","resolution":"C:\\Users\\Lenovo\\Music\\Clever Programmer\\React-projects\\amazon-clone-app\\functions\\node_modules\\firebase-functions\\lib\\index.js"} {"metadata":{"emulator":{"name":"functions"},"message":"[runtime-status] [15220] Resolved module firebase-functions {\"declared\":true,\"installed\":true,\"version\":\"3.11.0\",\"resolution\":\"C:\\\\Users\\\\Lenovo\\\\Music\\\\Clever Programmer\\\\React-projects\\\\amazon-clone-app\\\\functions\\\\node_modules\\\\firebase-functions\\\\lib\\\\index.js\"}"}}
[debug] [2020-09-15T10:42:08.855Z] [runtime-status] [15220] Outgoing network have been stubbed. [{"name":"http","status":"mocked"},{"name":"http","status":"mocked"},{"name":"https","status":"mocked"},{"name":"https","status":"mocked"},{"name":"net","status":"mocked"}] {"metadata":{"emulator":{"name":"functions"},"message":"[runtime-status] [15220] Outgoing network have been stubbed. [{\"name\":\"http\",\"status\":\"mocked\"},{\"name\":\"http\",\"status\":\"mocked\"},{\"name\":\"https\",\"status\":\"mocked\"},{\"name\":\"https\",\"status\":\"mocked\"},{\"name\":\"net\",\"status\":\"mocked\"}]"}}
[debug] [2020-09-15T10:42:08.856Z] [runtime-status] [15220] Resolved module firebase-functions {"declared":true,"installed":true,"version":"3.11.0","resolution":"C:\\Users\\Lenovo\\Music\\Clever Programmer\\React-projects\\amazon-clone-app\\functions\\node_modules\\firebase-functions\\lib\\index.js"} {"metadata":{"emulator":{"name":"functions"},"message":"[runtime-status] [15220] Resolved module firebase-functions {\"declared\":true,\"installed\":true,\"version\":\"3.11.0\",\"resolution\":\"C:\\\\Users\\\\Lenovo\\\\Music\\\\Clever Programmer\\\\React-projects\\\\amazon-clone-app\\\\functions\\\\node_modules\\\\firebase-functions\\\\lib\\\\index.js\"}"}}
[debug] [2020-09-15T10:42:08.900Z] [runtime-status] [15220] Checked functions.config() {"config":{}} {"metadata":{"emulator":{"name":"functions"},"message":"[runtime-status] [15220] Checked functions.config() {\"config\":{}}"}}
[debug] [2020-09-15T10:42:08.900Z] [runtime-status] [15220] firebase-functions has been stubbed. {"functionsResolution":{"declared":true,"installed":true,"version":"3.11.0","resolution":"C:\\Users\\Lenovo\\Music\\Clever Programmer\\React-projects\\amazon-clone-app\\functions\\node_modules\\firebase-functions\\lib\\index.js"}} {"metadata":{"emulator":{"name":"functions"},"message":"[runtime-status] [15220] firebase-functions has been stubbed. {\"functionsResolution\":{\"declared\":true,\"installed\":true,\"version\":\"3.11.0\",\"resolution\":\"C:\\\\Users\\\\Lenovo\\\\Music\\\\Clever Programmer\\\\React-projects\\\\amazon-clone-app\\\\functions\\\\node_modules\\\\firebase-functions\\\\lib\\\\index.js\"}}"}}
[debug] [2020-09-15T10:42:08.900Z] [runtime-status] [15220] Resolved module firebase-functions {"declared":true,"installed":true,"version":"3.11.0","resolution":"C:\\Users\\Lenovo\\Music\\Clever Programmer\\React-projects\\amazon-clone-app\\functions\\node_modules\\firebase-functions\\lib\\index.js"} {"metadata":{"emulator":{"name":"functions"},"message":"[runtime-status] [15220] Resolved module firebase-functions {\"declared\":true,\"installed\":true,\"version\":\"3.11.0\",\"resolution\":\"C:\\\\Users\\\\Lenovo\\\\Music\\\\Clever Programmer\\\\React-projects\\\\amazon-clone-app\\\\functions\\\\node_modules\\\\firebase-functions\\\\lib\\\\index.js\"}"}}
[debug] [2020-09-15T10:42:08.901Z] [runtime-status] [15220] Resolved module firebase-admin {"declared":true,"installed":true,"version":"8.13.0","resolution":"C:\\Users\\Lenovo\\Music\\Clever Programmer\\React-projects\\amazon-clone-app\\functions\\node_modules\\firebase-admin\\lib\\index.js"} {"metadata":{"emulator":{"name":"functions"},"message":"[runtime-status] [15220] Resolved module firebase-admin {\"declared\":true,\"installed\":true,\"version\":\"8.13.0\",\"resolution\":\"C:\\\\Users\\\\Lenovo\\\\Music\\\\Clever Programmer\\\\React-projects\\\\amazon-clone-app\\\\functions\\\\node_modules\\\\firebase-admin\\\\lib\\\\index.js\"}"}}
[debug] [2020-09-15T10:42:08.902Z] [runtime-status] [15220] Resolved module firebase-functions {"declared":true,"installed":true,"version":"3.11.0","resolution":"C:\\Users\\Lenovo\\Music\\Clever Programmer\\React-projects\\amazon-clone-app\\functions\\node_modules\\firebase-functions\\lib\\index.js"} {"metadata":{"emulator":{"name":"functions"},"message":"[runtime-status] [15220] Resolved module firebase-functions {\"declared\":true,\"installed\":true,\"version\":\"3.11.0\",\"resolution\":\"C:\\\\Users\\\\Lenovo\\\\Music\\\\Clever Programmer\\\\React-projects\\\\amazon-clone-app\\\\functions\\\\node_modules\\\\firebase-functions\\\\lib\\\\index.js\"}"}}
[debug] [2020-09-15T10:42:08.902Z] [runtime-status] [15220] firebase-admin has been stubbed. {"adminResolution":{"declared":true,"installed":true,"version":"8.13.0","resolution":"C:\\Users\\Lenovo\\Music\\Clever Programmer\\React-projects\\amazon-clone-app\\functions\\node_modules\\firebase-admin\\lib\\index.js"}} {"metadata":{"emulator":{"name":"functions"},"message":"[runtime-status] [15220] firebase-admin has been stubbed. {\"adminResolution\":{\"declared\":true,\"installed\":true,\"version\":\"8.13.0\",\"resolution\":\"C:\\\\Users\\\\Lenovo\\\\Music\\\\Clever Programmer\\\\React-projects\\\\amazon-clone-app\\\\functions\\\\node_modules\\\\firebase-admin\\\\lib\\\\index.js\"}}"}}
[debug] [2020-09-15T10:42:09.079Z] [worker-~diagnostic~-7decefaa-0e31-4675-b155-1a1eba1aae63]: IDLE {"metadata":{"emulator":{"name":"functions"},"message":"[worker-~diagnostic~-7decefaa-0e31-4675-b155-1a1eba1aae63]: IDLE"}}
[debug] [2020-09-15T10:44:33.031Z] File C:\Users\Lenovo\Music\Clever Programmer\React-projects\amazon-clone-app\functions\index.js changed, reloading triggers {"metadata":{"emulator":{"name":"functions"},"message":"File C:\\Users\\Lenovo\\Music\\Clever Programmer\\React-projects\\amazon-clone-app\\functions\\index.js changed, reloading triggers"}}
[debug] [2020-09-15T10:44:33.662Z] File C:\Users\Lenovo\Music\Clever Programmer\React-projects\amazon-clone-app\functions\index.js changed, reloading triggers {"metadata":{"emulator":{"name":"functions"},"message":"File C:\\Users\\Lenovo\\Music\\Clever Programmer\\React-projects\\amazon-clone-app\\functions\\index.js changed, reloading triggers"}}
